This is pdfTeX, Version 3.14159265-2.6-1.40.18 (TeX Live 2017) (preloaded format=pdflatex 2017.5.23)  26 NOV 2017 22:11
entering extended mode
 \write18 enabled.
 file:line:error style messages enabled.
 %&-line parsing enabled.
**VI.tex
(./VI.tex
LaTeX2e <2017-04-15>
Babel <3.10> and hyphenation patterns for 84 language(s) loaded.
(/usr/local/texlive/2017/texmf-dist/tex/latex/koma-script/scrartcl.cls
Document Class: scrartcl 2017/04/13 v3.23 KOMA-Script document class (article)
(/usr/local/texlive/2017/texmf-dist/tex/latex/koma-script/scrkbase.sty
Package: scrkbase 2017/04/13 v3.23 KOMA-Script package (KOMA-Script-dependent basics and keyval usage)
 (/usr/local/texlive/2017/texmf-dist/tex/latex/koma-script/scrbase.sty
Package: scrbase 2017/04/13 v3.23 KOMA-Script package (KOMA-Script-independent basics and keyval usage)
 (/usr/local/texlive/2017/texmf-dist/tex/latex/graphics/keyval.sty
Package: keyval 2014/10/28 v1.15 key=value parser (DPC)
\KV@toks@=\toks14
) (/usr/local/texlive/2017/texmf-dist/tex/latex/koma-script/scrlfile.sty
Package: scrlfile 2017/04/13 v3.23 KOMA-Script package (loading files)

Package scrlfile, 2017/04/13 v3.23 KOMA-Script package (loading files)
                  Copyright (C) Markus Kohm

))) (/usr/local/texlive/2017/texmf-dist/tex/latex/koma-script/tocbasic.sty
Package: tocbasic 2017/04/13 v3.23 KOMA-Script package (handling toc-files)
\scr@dte@tocline@numberwidth=\skip41
\scr@dte@tocline@numbox=\box26
)
Package tocbasic Info: omitting babel extension for `toc'
(tocbasic)             because of feature `nobabel' available
(tocbasic)             for `toc' on input line 131.
Package tocbasic Info: omitting babel extension for `lof'
(tocbasic)             because of feature `nobabel' available
(tocbasic)             for `lof' on input line 133.
Package tocbasic Info: omitting babel extension for `lot'
(tocbasic)             because of feature `nobabel' available
(tocbasic)             for `lot' on input line 134.
Package scrartcl Info: You've used standard option `12pt'.
(scrartcl)             This is correct!
(scrartcl)             Internally I'm using `fontsize=12pt'.
(scrartcl)             If you'd like to set the option with \KOMAoptions,
(scrartcl)             you'd have to use `fontsize=12pt' there
(scrartcl)             instead of `12pt', too.
Class scrartcl Info: File `scrsize12pt.clo' used to setup font sizes on input line 2059.
 (/usr/local/texlive/2017/texmf-dist/tex/latex/koma-script/scrsize12pt.clo
File: scrsize12pt.clo 2017/04/13 v3.23 KOMA-Script font size class option (12pt)
) (/usr/local/texlive/2017/texmf-dist/tex/latex/koma-script/typearea.sty
Package: typearea 2017/04/13 v3.23 KOMA-Script package (type area)
\ta@bcor=\skip42
\ta@div=\count79
\ta@hblk=\skip43
\ta@vblk=\skip44
\ta@temp=\skip45
\footheight=\skip46
Package typearea Info: These are the values describing the layout:
(typearea)             DIV  = 12
(typearea)             BCOR = 0.0pt
(typearea)             \paperwidth      = 597.50793pt
(typearea)              \textwidth      = 448.13095pt
(typearea)              DIV departure   = -6%
(typearea)              \evensidemargin = 2.4185pt
(typearea)              \oddsidemargin  = 2.4185pt
(typearea)             \paperheight     = 845.04694pt
(typearea)              \textheight     = 635.5pt
(typearea)              \topmargin      = -41.72441pt
(typearea)              \headheight     = 18.125pt
(typearea)              \headsep        = 21.75pt
(typearea)              \topskip        = 12.0pt
(typearea)              \footskip       = 50.75pt
(typearea)              \baselineskip   = 14.5pt
(typearea)              on input line 1647.
)
\c@part=\count80
\c@section=\count81
\c@subsection=\count82
\c@subsubsection=\count83
\c@paragraph=\count84
\c@subparagraph=\count85
\scr@dte@part@maxnumwidth=\skip47
\scr@dte@section@maxnumwidth=\skip48
\scr@dte@subsection@maxnumwidth=\skip49
\scr@dte@subsubsection@maxnumwidth=\skip50
\scr@dte@paragraph@maxnumwidth=\skip51
\scr@dte@subparagraph@maxnumwidth=\skip52
LaTeX Info: Redefining \textsubscript on input line 4094.
\abovecaptionskip=\skip53
\belowcaptionskip=\skip54
\c@pti@nb@sid@b@x=\box27
\c@figure=\count86
\c@table=\count87
Class scrartcl Info: Redefining `\numberline' on input line 5233.
\bibindent=\dimen102
) (/usr/local/texlive/2017/texmf-dist/tex/latex/base/fontenc.sty
Package: fontenc 2017/04/05 v2.0i Standard LaTeX package
 (/usr/local/texlive/2017/texmf-dist/tex/latex/base/t1enc.def
File: t1enc.def 2017/04/05 v2.0i Standard LaTeX file
LaTeX Font Info:    Redeclaring font encoding T1 on input line 48.
)) (/usr/local/texlive/2017/texmf-dist/tex/latex/fourier/fourier.sty
Package: fourier 2005/01/01 1.4 fourier-GUTenberg package
 (/usr/local/texlive/2017/texmf-dist/tex/latex/base/fontenc.sty
Package: fontenc 2017/04/05 v2.0i Standard LaTeX package
 (/usr/local/texlive/2017/texmf-dist/tex/latex/base/t1enc.def
File: t1enc.def 2017/04/05 v2.0i Standard LaTeX file
LaTeX Font Info:    Redeclaring font encoding T1 on input line 48.
)) (/usr/local/texlive/2017/texmf-dist/tex/latex/base/textcomp.sty
Package: textcomp 2017/04/05 v2.0i Standard LaTeX package
Package textcomp Info: Sub-encoding information:
(textcomp)               5 = only ISO-Adobe without \textcurrency
(textcomp)               4 = 5 + \texteuro
(textcomp)               3 = 4 + \textohm
(textcomp)               2 = 3 + \textestimated + \textcurrency
(textcomp)               1 = TS1 - \textcircled - \t
(textcomp)               0 = TS1 (full)
(textcomp)             Font families with sub-encoding setting implement
(textcomp)             only a restricted character set as indicated.
(textcomp)             Family '?' is the default used for unknown fonts.
(textcomp)             See the documentation for details.
Package textcomp Info: Setting ? sub-encoding to TS1/1 on input line 79.
 (/usr/local/texlive/2017/texmf-dist/tex/latex/base/ts1enc.def
File: ts1enc.def 2001/06/05 v3.0e (jk/car/fm) Standard LaTeX file
)
LaTeX Info: Redefining \oldstylenums on input line 334.
Package textcomp Info: Setting cmr sub-encoding to TS1/0 on input line 349.
Package textcomp Info: Setting cmss sub-encoding to TS1/0 on input line 350.
Package textcomp Info: Setting cmtt sub-encoding to TS1/0 on input line 351.
Package textcomp Info: Setting cmvtt sub-encoding to TS1/0 on input line 352.
Package textcomp Info: Setting cmbr sub-encoding to TS1/0 on input line 353.
Package textcomp Info: Setting cmtl sub-encoding to TS1/0 on input line 354.
Package textcomp Info: Setting ccr sub-encoding to TS1/0 on input line 355.
Package textcomp Info: Setting ptm sub-encoding to TS1/4 on input line 356.
Package textcomp Info: Setting pcr sub-encoding to TS1/4 on input line 357.
Package textcomp Info: Setting phv sub-encoding to TS1/4 on input line 358.
Package textcomp Info: Setting ppl sub-encoding to TS1/3 on input line 359.
Package textcomp Info: Setting pag sub-encoding to TS1/4 on input line 360.
Package textcomp Info: Setting pbk sub-encoding to TS1/4 on input line 361.
Package textcomp Info: Setting pnc sub-encoding to TS1/4 on input line 362.
Package textcomp Info: Setting pzc sub-encoding to TS1/4 on input line 363.
Package textcomp Info: Setting bch sub-encoding to TS1/4 on input line 364.
Package textcomp Info: Setting put sub-encoding to TS1/5 on input line 365.
Package textcomp Info: Setting uag sub-encoding to TS1/5 on input line 366.
Package textcomp Info: Setting ugq sub-encoding to TS1/5 on input line 367.
Package textcomp Info: Setting ul8 sub-encoding to TS1/4 on input line 368.
Package textcomp Info: Setting ul9 sub-encoding to TS1/4 on input line 369.
Package textcomp Info: Setting augie sub-encoding to TS1/5 on input line 370.
Package textcomp Info: Setting dayrom sub-encoding to TS1/3 on input line 371.
Package textcomp Info: Setting dayroms sub-encoding to TS1/3 on input line 372.
Package textcomp Info: Setting pxr sub-encoding to TS1/0 on input line 373.
Package textcomp Info: Setting pxss sub-encoding to TS1/0 on input line 374.
Package textcomp Info: Setting pxtt sub-encoding to TS1/0 on input line 375.
Package textcomp Info: Setting txr sub-encoding to TS1/0 on input line 376.
Package textcomp Info: Setting txss sub-encoding to TS1/0 on input line 377.
Package textcomp Info: Setting txtt sub-encoding to TS1/0 on input line 378.
Package textcomp Info: Setting lmr sub-encoding to TS1/0 on input line 379.
Package textcomp Info: Setting lmdh sub-encoding to TS1/0 on input line 380.
Package textcomp Info: Setting lmss sub-encoding to TS1/0 on input line 381.
Package textcomp Info: Setting lmssq sub-encoding to TS1/0 on input line 382.
Package textcomp Info: Setting lmvtt sub-encoding to TS1/0 on input line 383.
Package textcomp Info: Setting lmtt sub-encoding to TS1/0 on input line 384.
Package textcomp Info: Setting qhv sub-encoding to TS1/0 on input line 385.
Package textcomp Info: Setting qag sub-encoding to TS1/0 on input line 386.
Package textcomp Info: Setting qbk sub-encoding to TS1/0 on input line 387.
Package textcomp Info: Setting qcr sub-encoding to TS1/0 on input line 388.
Package textcomp Info: Setting qcs sub-encoding to TS1/0 on input line 389.
Package textcomp Info: Setting qpl sub-encoding to TS1/0 on input line 390.
Package textcomp Info: Setting qtm sub-encoding to TS1/0 on input line 391.
Package textcomp Info: Setting qzc sub-encoding to TS1/0 on input line 392.
Package textcomp Info: Setting qhvc sub-encoding to TS1/0 on input line 393.
Package textcomp Info: Setting futs sub-encoding to TS1/4 on input line 394.
Package textcomp Info: Setting futx sub-encoding to TS1/4 on input line 395.
Package textcomp Info: Setting futj sub-encoding to TS1/4 on input line 396.
Package textcomp Info: Setting hlh sub-encoding to TS1/3 on input line 397.
Package textcomp Info: Setting hls sub-encoding to TS1/3 on input line 398.
Package textcomp Info: Setting hlst sub-encoding to TS1/3 on input line 399.
Package textcomp Info: Setting hlct sub-encoding to TS1/5 on input line 400.
Package textcomp Info: Setting hlx sub-encoding to TS1/5 on input line 401.
Package textcomp Info: Setting hlce sub-encoding to TS1/5 on input line 402.
Package textcomp Info: Setting hlcn sub-encoding to TS1/5 on input line 403.
Package textcomp Info: Setting hlcw sub-encoding to TS1/5 on input line 404.
Package textcomp Info: Setting hlcf sub-encoding to TS1/5 on input line 405.
Package textcomp Info: Setting pplx sub-encoding to TS1/3 on input line 406.
Package textcomp Info: Setting pplj sub-encoding to TS1/3 on input line 407.
Package textcomp Info: Setting ptmx sub-encoding to TS1/4 on input line 408.
Package textcomp Info: Setting ptmj sub-encoding to TS1/4 on input line 409.
) (/usr/local/texlive/2017/texmf-dist/tex/latex/fourier/fourier-orns.sty
Package: fourier-orns 2004/01/30 1.1 fourier-ornaments package
)
LaTeX Font Info:    Redeclaring symbol font `operators' on input line 50.
LaTeX Font Info:    Encoding `OT1' has changed to `T1' for symbol font
(Font)              `operators' in the math version `normal' on input line 50.
LaTeX Font Info:    Overwriting symbol font `operators' in version `normal'
(Font)                  OT1/cmr/m/n --> T1/futs/m/n on input line 50.
LaTeX Font Info:    Encoding `OT1' has changed to `T1' for symbol font
(Font)              `operators' in the math version `bold' on input line 50.
LaTeX Font Info:    Overwriting symbol font `operators' in version `bold'
(Font)                  OT1/cmr/bx/n --> T1/futs/m/n on input line 50.
LaTeX Font Info:    Overwriting symbol font `operators' in version `bold'
(Font)                  T1/futs/m/n --> T1/futs/b/n on input line 51.
LaTeX Font Info:    Redeclaring symbol font `letters' on input line 59.
LaTeX Font Info:    Encoding `OML' has changed to `FML' for symbol font
(Font)              `letters' in the math version `normal' on input line 59.
LaTeX Font Info:    Overwriting symbol font `letters' in version `normal'
(Font)                  OML/cmm/m/it --> FML/futmi/m/it on input line 59.
LaTeX Font Info:    Encoding `OML' has changed to `FML' for symbol font
(Font)              `letters' in the math version `bold' on input line 59.
LaTeX Font Info:    Overwriting symbol font `letters' in version `bold'
(Font)                  OML/cmm/b/it --> FML/futmi/m/it on input line 59.
\symotherletters=\mathgroup4
LaTeX Font Info:    Overwriting symbol font `letters' in version `bold'
(Font)                  FML/futmi/m/it --> FML/futmi/b/it on input line 61.
LaTeX Font Info:    Overwriting symbol font `otherletters' in version `bold'
(Font)                  FML/futm/m/it --> FML/futm/b/it on input line 62.
LaTeX Font Info:    Redeclaring math symbol \Gamma on input line 63.
LaTeX Font Info:    Redeclaring math symbol \Delta on input line 64.
LaTeX Font Info:    Redeclaring math symbol \Theta on input line 65.
LaTeX Font Info:    Redeclaring math symbol \Lambda on input line 66.
LaTeX Font Info:    Redeclaring math symbol \Xi on input line 67.
LaTeX Font Info:    Redeclaring math symbol \Pi on input line 68.
LaTeX Font Info:    Redeclaring math symbol \Sigma on input line 69.
LaTeX Font Info:    Redeclaring math symbol \Upsilon on input line 70.
LaTeX Font Info:    Redeclaring math symbol \Phi on input line 71.
LaTeX Font Info:    Redeclaring math symbol \Psi on input line 72.
LaTeX Font Info:    Redeclaring math symbol \Omega on input line 73.
LaTeX Font Info:    Redeclaring symbol font `symbols' on input line 113.
LaTeX Font Info:    Encoding `OMS' has changed to `FMS' for symbol font
(Font)              `symbols' in the math version `normal' on input line 113.
LaTeX Font Info:    Overwriting symbol font `symbols' in version `normal'
(Font)                  OMS/cmsy/m/n --> FMS/futm/m/n on input line 113.
LaTeX Font Info:    Encoding `OMS' has changed to `FMS' for symbol font
(Font)              `symbols' in the math version `bold' on input line 113.
LaTeX Font Info:    Overwriting symbol font `symbols' in version `bold'
(Font)                  OMS/cmsy/b/n --> FMS/futm/m/n on input line 113.
LaTeX Font Info:    Redeclaring symbol font `largesymbols' on input line 114.
LaTeX Font Info:    Encoding `OMX' has changed to `FMX' for symbol font
(Font)              `largesymbols' in the math version `normal' on input line 114.
LaTeX Font Info:    Overwriting symbol font `largesymbols' in version `normal'
(Font)                  OMX/cmex/m/n --> FMX/futm/m/n on input line 114.
LaTeX Font Info:    Encoding `OMX' has changed to `FMX' for symbol font
(Font)              `largesymbols' in the math version `bold' on input line 114.
LaTeX Font Info:    Overwriting symbol font `largesymbols' in version `bold'
(Font)                  OMX/cmex/m/n --> FMX/futm/m/n on input line 114.
LaTeX Font Info:    Redeclaring math alphabet \mathbf on input line 115.
LaTeX Font Info:    Overwriting math alphabet `\mathbf' in version `normal'
(Font)                  OT1/cmr/bx/n --> T1/futs/bx/n on input line 115.
LaTeX Font Info:    Overwriting math alphabet `\mathbf' in version `bold'
(Font)                  OT1/cmr/bx/n --> T1/futs/bx/n on input line 115.
LaTeX Font Info:    Redeclaring math alphabet \mathrm on input line 116.
LaTeX Font Info:    Redeclaring math alphabet \mathit on input line 117.
LaTeX Font Info:    Overwriting math alphabet `\mathit' in version `normal'
(Font)                  OT1/cmr/m/it --> T1/futs/m/it on input line 117.
LaTeX Font Info:    Overwriting math alphabet `\mathit' in version `bold'
(Font)                  OT1/cmr/bx/it --> T1/futs/m/it on input line 117.
LaTeX Font Info:    Redeclaring math alphabet \mathcal on input line 118.
LaTeX Font Info:    Redeclaring math symbol \parallel on input line 134.
LaTeX Font Info:    Redeclaring math symbol \hbar on input line 148.
LaTeX Font Info:    Redeclaring math symbol \varkappa on input line 186.
LaTeX Font Info:    Redeclaring math symbol \varvarrho on input line 187.
LaTeX Font Info:    Redeclaring math delimiter \Vert on input line 210.
LaTeX Font Info:    Redeclaring math delimiter \vert on input line 215.
LaTeX Font Info:    Redeclaring math delimiter \Downarrow on input line 225.
LaTeX Font Info:    Redeclaring math delimiter \backslash on input line 227.
LaTeX Font Info:    Redeclaring math delimiter \rangle on input line 229.
LaTeX Font Info:    Redeclaring math delimiter \langle on input line 231.
LaTeX Font Info:    Redeclaring math delimiter \rbrace on input line 233.
LaTeX Font Info:    Redeclaring math delimiter \lbrace on input line 235.
LaTeX Font Info:    Redeclaring math delimiter \rceil on input line 237.
LaTeX Font Info:    Redeclaring math delimiter \lceil on input line 239.
LaTeX Font Info:    Redeclaring math delimiter \rfloor on input line 241.
LaTeX Font Info:    Redeclaring math delimiter \lfloor on input line 243.
LaTeX Font Info:    Redeclaring math accent \acute on input line 247.
LaTeX Font Info:    Redeclaring math accent \grave on input line 248.
LaTeX Font Info:    Redeclaring math accent \ddot on input line 249.
LaTeX Font Info:    Redeclaring math accent \tilde on input line 250.
LaTeX Font Info:    Redeclaring math accent \bar on input line 251.
LaTeX Font Info:    Redeclaring math accent \breve on input line 252.
LaTeX Font Info:    Redeclaring math accent \check on input line 253.
LaTeX Font Info:    Redeclaring math accent \hat on input line 254.
LaTeX Font Info:    Redeclaring math accent \dot on input line 255.
LaTeX Font Info:    Redeclaring math accent \mathring on input line 256.
\symUfutm=\mathgroup5
) (/usr/local/texlive/2017/texmf-dist/tex/generic/babel/babel.sty
Package: babel 2017/05/19 3.10 The Babel package
 (/usr/local/texlive/2017/texmf-dist/tex/generic/babel-english/english.ldf
Language: english 2017/01/24 v3.3q English support from the babel system
 (/usr/local/texlive/2017/texmf-dist/tex/generic/babel/babel.def
File: babel.def 2017/05/19 3.10 Babel common definitions
\babel@savecnt=\count88
\U@D=\dimen103
)
\l@canadian = a dialect from \language\l@american 
\l@australian = a dialect from \language\l@british 
\l@newzealand = a dialect from \language\l@british 
))
(/usr/local/texlive/2017/texmf-dist/tex/latex/microtype/microtype.sty
Package: microtype 2016/05/14 v2.6a Micro-typographical refinements (RS)
\MT@toks=\toks15
\MT@count=\count89
LaTeX Info: Redefining \textls on input line 774.
\MT@outer@kern=\dimen104
LaTeX Info: Redefining \textmicrotypecontext on input line 1310.
\MT@listname@count=\count90
 (/usr/local/texlive/2017/texmf-dist/tex/latex/microtype/microtype-pdftex.def
File: microtype-pdftex.def 2016/05/14 v2.6a Definitions specific to pdftex (RS)
LaTeX Info: Redefining \lsstyle on input line 916.
LaTeX Info: Redefining \lslig on input line 916.
\MT@outer@space=\skip55
)
Package microtype Info: Loading configuration file microtype.cfg.
 (/usr/local/texlive/2017/texmf-dist/tex/latex/microtype/microtype.cfg
File: microtype.cfg 2016/05/14 v2.6a microtype main configuration file (RS)
)) (/usr/local/texlive/2017/texmf-dist/tex/latex/amsmath/amsmath.sty
Package: amsmath 2016/11/05 v2.16a AMS math features
\@mathmargin=\skip56

For additional information on amsmath, use the `?' option.
(/usr/local/texlive/2017/texmf-dist/tex/latex/amsmath/amstext.sty
Package: amstext 2000/06/29 v2.01 AMS text
 (/usr/local/texlive/2017/texmf-dist/tex/latex/amsmath/amsgen.sty
File: amsgen.sty 1999/11/30 v2.0 generic functions
\@emptytoks=\toks16
\ex@=\dimen105
)) (/usr/local/texlive/2017/texmf-dist/tex/latex/amsmath/amsbsy.sty
Package: amsbsy 1999/11/29 v1.2d Bold Symbols
\pmbraise@=\dimen106
) (/usr/local/texlive/2017/texmf-dist/tex/latex/amsmath/amsopn.sty
Package: amsopn 2016/03/08 v2.02 operator names
)
\inf@bad=\count91
LaTeX Info: Redefining \frac on input line 213.
\uproot@=\count92
\leftroot@=\count93
LaTeX Info: Redefining \overline on input line 375.
\classnum@=\count94
\DOTSCASE@=\count95
LaTeX Info: Redefining \ldots on input line 472.
LaTeX Info: Redefining \dots on input line 475.
LaTeX Info: Redefining \cdots on input line 596.
\Mathstrutbox@=\box28
\strutbox@=\box29
\big@size=\dimen107
LaTeX Font Info:    Redeclaring font encoding OML on input line 712.
LaTeX Font Info:    Redeclaring font encoding OMS on input line 713.
\macc@depth=\count96
\c@MaxMatrixCols=\count97
\dotsspace@=\muskip10
\c@parentequation=\count98
\dspbrk@lvl=\count99
\tag@help=\toks17
\row@=\count100
\column@=\count101
\maxfields@=\count102
\andhelp@=\toks18
\eqnshift@=\dimen108
\alignsep@=\dimen109
\tagshift@=\dimen110
\tagwidth@=\dimen111
\totwidth@=\dimen112
\lineht@=\dimen113
\@envbody=\toks19
\multlinegap=\skip57
\multlinetaggap=\skip58
\mathdisplay@stack=\toks20
LaTeX Info: Redefining \[ on input line 2817.
LaTeX Info: Redefining \] on input line 2818.
) (/usr/local/texlive/2017/texmf-dist/tex/latex/amsfonts/amsfonts.sty
Package: amsfonts 2013/01/14 v3.01 Basic AMSFonts support
\symAMSa=\mathgroup6
\symAMSb=\mathgroup7
LaTeX Font Info:    Overwriting math alphabet `\mathfrak' in version `bold'
(Font)                  U/euf/m/n --> U/euf/b/n on input line 106.
LaTeX Font Info:    Redeclaring math symbol \square on input line 141.
) (/usr/local/texlive/2017/texmf-dist/tex/latex/amscls/amsthm.sty
Package: amsthm 2015/03/04 v2.20.2
\thm@style=\toks21
\thm@bodyfont=\toks22
\thm@headfont=\toks23
\thm@notefont=\toks24
\thm@headpunct=\toks25
\thm@preskip=\skip59
\thm@postskip=\skip60
\thm@headsep=\skip61
\dth@everypar=\toks26
) (/usr/local/texlive/2017/texmf-dist/tex/latex/graphics/graphicx.sty
Package: graphicx 2014/10/28 v1.0g Enhanced LaTeX Graphics (DPC,SPQR)
 (/usr/local/texlive/2017/texmf-dist/tex/latex/graphics/graphics.sty
Package: graphics 2017/04/14 v1.1b Standard LaTeX Graphics (DPC,SPQR)
 (/usr/local/texlive/2017/texmf-dist/tex/latex/graphics/trig.sty
Package: trig 2016/01/03 v1.10 sin cos tan (DPC)
) (/usr/local/texlive/2017/texmf-dist/tex/latex/graphics-cfg/graphics.cfg
File: graphics.cfg 2016/06/04 v1.11 sample graphics configuration
)
Package graphics Info: Driver file: pdftex.def on input line 99.
 (/usr/local/texlive/2017/texmf-dist/tex/latex/graphics-def/pdftex.def
File: pdftex.def 2017/01/12 v0.06k Graphics/color for pdfTeX
 (/usr/local/texlive/2017/texmf-dist/tex/generic/oberdiek/infwarerr.sty
Package: infwarerr 2016/05/16 v1.4 Providing info/warning/error messages (HO)
) (/usr/local/texlive/2017/texmf-dist/tex/generic/oberdiek/ltxcmds.sty
Package: ltxcmds 2016/05/16 v1.23 LaTeX kernel commands for general use (HO)
)
\Gread@gobject=\count103
))
\Gin@req@height=\dimen114
\Gin@req@width=\dimen115
) (/usr/local/texlive/2017/texmf-dist/tex/latex/url/url.sty
\Urlmuskip=\muskip11
Package: url 2013/09/16  ver 3.4  Verb mode for urls, etc.
)
(/usr/local/texlive/2017/texmf-dist/tex/latex/siunitx/siunitx.sty (/usr/local/texlive/2017/texmf-dist/tex/latex/l3kernel/expl3.sty
Package: expl3 2017/05/13 L3 programming layer (loader) 
 (/usr/local/texlive/2017/texmf-dist/tex/latex/l3kernel/expl3-code.tex
Package: expl3 2017/05/13 L3 programming layer (code)
\c_max_int=\count104
\l_tmpa_int=\count105
\l_tmpb_int=\count106
\g_tmpa_int=\count107
\g_tmpb_int=\count108
\g__prg_map_int=\count109
\c_log_iow=\count110
\l_iow_line_count_int=\count111
\l__iow_line_target_int=\count112
\l__iow_one_indent_int=\count113
\l__iow_indent_int=\count114
\c_zero_dim=\dimen116
\c_max_dim=\dimen117
\l_tmpa_dim=\dimen118
\l_tmpb_dim=\dimen119
\g_tmpa_dim=\dimen120
\g_tmpb_dim=\dimen121
\c_zero_skip=\skip62
\c_max_skip=\skip63
\l_tmpa_skip=\skip64
\l_tmpb_skip=\skip65
\g_tmpa_skip=\skip66
\g_tmpb_skip=\skip67
\c_zero_muskip=\muskip12
\c_max_muskip=\muskip13
\l_tmpa_muskip=\muskip14
\l_tmpb_muskip=\muskip15
\g_tmpa_muskip=\muskip16
\g_tmpb_muskip=\muskip17
\l_keys_choice_int=\count115
\c__fp_leading_shift_int=\count116
\c__fp_middle_shift_int=\count117
\c__fp_trailing_shift_int=\count118
\c__fp_big_leading_shift_int=\count119
\c__fp_big_middle_shift_int=\count120
\c__fp_big_trailing_shift_int=\count121
\c__fp_Bigg_leading_shift_int=\count122
\c__fp_Bigg_middle_shift_int=\count123
\c__fp_Bigg_trailing_shift_int=\count124
\c__fp_rand_size_int=\count125
\c__fp_rand_four_int=\count126
\c__fp_rand_eight_int=\count127
\l__sort_length_int=\count128
\l__sort_min_int=\count129
\l__sort_top_int=\count130
\l__sort_max_int=\count131
\l__sort_true_max_int=\count132
\l__sort_block_int=\count133
\l__sort_begin_int=\count134
\l__sort_end_int=\count135
\l__sort_A_int=\count136
\l__sort_B_int=\count137
\l__sort_C_int=\count138
\c_empty_box=\box30
\l_tmpa_box=\box31
\l_tmpb_box=\box32
\g_tmpa_box=\box33
\g_tmpb_box=\box34
\l__box_top_dim=\dimen122
\l__box_bottom_dim=\dimen123
\l__box_left_dim=\dimen124
\l__box_right_dim=\dimen125
\l__box_top_new_dim=\dimen126
\l__box_bottom_new_dim=\dimen127
\l__box_left_new_dim=\dimen128
\l__box_right_new_dim=\dimen129
\l__box_internal_box=\box35
\l__coffin_internal_box=\box36
\l__coffin_internal_dim=\dimen130
\l__coffin_offset_x_dim=\dimen131
\l__coffin_offset_y_dim=\dimen132
\l__coffin_x_dim=\dimen133
\l__coffin_y_dim=\dimen134
\l__coffin_x_prime_dim=\dimen135
\l__coffin_y_prime_dim=\dimen136
\c_empty_coffin=\box37
\l__coffin_aligned_coffin=\box38
\l__coffin_aligned_internal_coffin=\box39
\l_tmpa_coffin=\box40
\l_tmpb_coffin=\box41
\l__coffin_display_coffin=\box42
\l__coffin_display_coord_coffin=\box43
\l__coffin_display_pole_coffin=\box44
\l__coffin_display_offset_dim=\dimen137
\l__coffin_display_x_dim=\dimen138
\l__coffin_display_y_dim=\dimen139
\l__coffin_bounding_shift_dim=\dimen140
\l__coffin_left_corner_dim=\dimen141
\l__coffin_right_corner_dim=\dimen142
\l__coffin_bottom_corner_dim=\dimen143
\l__coffin_top_corner_dim=\dimen144
\l__coffin_scaled_total_height_dim=\dimen145
\l__coffin_scaled_width_dim=\dimen146
) (/usr/local/texlive/2017/texmf-dist/tex/latex/l3kernel/l3pdfmode.def
File: l3pdfmode.def 2017/03/18 v L3 Experimental driver: PDF mode
\l__driver_color_stack_int=\count139
\l__driver_tmp_box=\box45
)) (/usr/local/texlive/2017/texmf-dist/tex/latex/l3packages/xparse/xparse.sty
Package: xparse 2017/05/13 L3 Experimental document command parser
\l__xparse_current_arg_int=\count140
\g__xparse_grabber_int=\count141
\l__xparse_m_args_int=\count142
\l__xparse_mandatory_args_int=\count143
\l__xparse_v_nesting_int=\count144
)
Package: siunitx 2017/05/19 v2.7g A comprehensive (SI) units package
 (/usr/local/texlive/2017/texmf-dist/tex/latex/tools/array.sty
Package: array 2016/10/06 v2.4d Tabular extension package (FMi)
\col@sep=\dimen147
\extrarowheight=\dimen148
\NC@list=\toks27
\extratabsurround=\skip68
\backup@length=\skip69
) (/usr/local/texlive/2017/texmf-dist/tex/latex/l3packages/l3keys2e/l3keys2e.sty
Package: l3keys2e 2017/05/13 LaTeX2e option processing using LaTeX3 keys
)
\l__siunitx_tmp_box=\box46
\l__siunitx_tmp_dim=\dimen149
\l__siunitx_tmp_int=\count145
\l__siunitx_number_mantissa_length_int=\count146
\l__siunitx_number_uncert_length_int=\count147
\l__siunitx_round_int=\count148
\l__siunitx_process_decimal_int=\count149
\l__siunitx_process_uncertainty_int=\count150
\l__siunitx_process_fixed_int=\count151
\l__siunitx_process_integer_min_int=\count152
\l__siunitx_process_precision_int=\count153
\l__siunitx_group_min_int=\count154
\l__siunitx_angle_marker_box=\box47
\l__siunitx_angle_unit_box=\box48
\l__siunitx_angle_marker_dim=\dimen150
\l__siunitx_angle_unit_dim=\dimen151
\l__siunitx_unit_int=\count155
\l__siunitx_unit_denominator_int=\count156
\l__siunitx_unit_numerator_int=\count157
\l__siunitx_unit_prefix_int=\count158
\l__siunitx_unit_prefix_base_int=\count159
\l__siunitx_unit_prefix_gram_int=\count160
\l__siunitx_number_product_int=\count161
\c__siunitx_one_fill_skip=\skip70
\l__siunitx_table_unit_align_skip=\skip71
\l__siunitx_table_exponent_dim=\dimen152
\l__siunitx_table_integer_dim=\dimen153
\l__siunitx_table_mantissa_dim=\dimen154
\l__siunitx_table_marker_dim=\dimen155
\l__siunitx_table_result_dim=\dimen156
\l__siunitx_table_uncert_dim=\dimen157
\l__siunitx_table_fill_pre_dim=\dimen158
\l__siunitx_table_fill_post_dim=\dimen159
\l__siunitx_table_fill_mid_dim=\dimen160
\l__siunitx_table_pre_box=\box49
\l__siunitx_table_post_box=\box50
\l__siunitx_table_mantissa_box=\box51
\l__siunitx_table_result_box=\box52
\l__siunitx_table_number_align_skip=\skip72
\l__siunitx_table_text_align_skip=\skip73
.................................................
. LaTeX info: "xparse/define-command"
. 
. Defining command \DeclareBinaryPrefix with sig. 'mmm' on line 7251.
.................................................
.................................................
. LaTeX info: "xparse/define-command"
. 
. Defining command \DeclareSIPostPower with sig. 'mm' on line 7254.
.................................................
.................................................
. LaTeX info: "xparse/define-command"
. 
. Defining command \DeclareSIPrefix with sig. 'mmm' on line 7257.
.................................................
.................................................
. LaTeX info: "xparse/define-command"
. 
. Defining command \DeclareSIPrePower with sig. 'mm' on line 7260.
.................................................
.................................................
. LaTeX info: "xparse/define-command"
. 
. Defining command \DeclareSIQualifier with sig. 'mm' on line 7263.
.................................................
.................................................
. LaTeX info: "xparse/define-command"
. 
. Defining command \DeclareSIUnit with sig. 'O{}mm' on line 7266.
.................................................
.................................................
. LaTeX info: "xparse/define-command"
. 
. Defining command \DeclareSIUnitWithOptions with sig. 'mmm' on line 7269.
.................................................
.................................................
. LaTeX info: "xparse/define-command"
. 
. Defining command \ang with sig. 'o>{\SplitArgument {2}{;}}m' on line 7284.
.................................................
.................................................
. LaTeX info: "xparse/define-command"
. 
. Defining command \num with sig. 'om' on line 7293.
.................................................
.................................................
. LaTeX info: "xparse/define-command"
. 
. Defining command \numlist with sig. 'o>{\SplitList {;}}m' on line 7302.
.................................................
.................................................
. LaTeX info: "xparse/define-command"
. 
. Defining command \numrange with sig. 'omm' on line 7311.
.................................................
.................................................
. LaTeX info: "xparse/define-command"
. 
. Defining command \SIlist with sig. 'o>{\SplitList {;}}mm' on line 7323.
.................................................
.................................................
. LaTeX info: "xparse/define-command"
. 
. Defining command \SIrange with sig. 'ommm' on line 7335.
.................................................
.................................................
. LaTeX info: "xparse/define-command"
. 
. Defining command \SI with sig. 'omom' on line 7347.
.................................................
.................................................
. LaTeX info: "xparse/define-command"
. 
. Defining command \sisetup with sig. 'm' on line 7350.
.................................................
.................................................
. LaTeX info: "xparse/define-command"
. 
. Defining command \tablenum with sig. 'om' on line 7365.
.................................................
.................................................
. LaTeX info: "xparse/define-command"
. 
. Defining command \si with sig. 'om' on line 7377.
.................................................
.................................................
. LaTeX info: "xparse/define-command"
. 
. Defining command \numInBookmark with sig. 'om' on line 7424.
.................................................
.................................................
. LaTeX info: "xparse/define-command"
. 
. Defining command \numrangeInBookmark with sig. 'omm' on line 7426.
.................................................
.................................................
. LaTeX info: "xparse/define-command"
. 
. Defining command \SIInBookmark with sig. 'omom' on line 7428.
.................................................
.................................................
. LaTeX info: "xparse/define-command"
. 
. Defining command \SIlistInBookmark with sig. 'omm' on line 7430.
.................................................
.................................................
. LaTeX info: "xparse/define-command"
. 
. Defining command \SIrangeInBookmark with sig. 'ommm' on line 7432.
.................................................
.................................................
. LaTeX info: "xparse/define-command"
. 
. Defining command \siInBookmark with sig. 'om' on line 7433.
.................................................
\g__file_internal_ior=\read1
 (/usr/local/texlive/2017/texmf-dist/tex/latex/beamer/translator/translator.sty
Package: translator 2010/06/12 ver 1.10
 (/usr/local/texlive/2017/texmf-dist/tex/latex/beamer/translator/translator-language-mappings.tex))) (/usr/local/texlive/2017/texmf-dist/tex/latex/booktabs/booktabs.sty
Package: booktabs 2016/04/27 v1.618033 publication quality tables
\heavyrulewidth=\dimen161
\lightrulewidth=\dimen162
\cmidrulewidth=\dimen163
\belowrulesep=\dimen164
\belowbottomsep=\dimen165
\aboverulesep=\dimen166
\abovetopsep=\dimen167
\cmidrulesep=\dimen168
\cmidrulekern=\dimen169
\defaultaddspace=\dimen170
\@cmidla=\count162
\@cmidlb=\count163
\@aboverulesep=\dimen171
\@belowrulesep=\dimen172
\@thisruleclass=\count164
\@lastruleclass=\count165
\@thisrulewidth=\dimen173
) (/usr/local/texlive/2017/texmf-dist/tex/latex/makecell/makecell.sty
Package: makecell 2009/08/03 V0.1e Managing of Tab Column Heads and Cells
\rotheadsize=\dimen174
\c@nlinenum=\count166
\TeXr@lab=\toks28
) (/usr/local/texlive/2017/texmf-dist/tex/latex/amsfonts/amssymb.sty
Package: amssymb 2013/01/14 v3.01 AMS font symbols
LaTeX Font Info:    Redeclaring math symbol \blacksquare on input line 48.
LaTeX Font Info:    Redeclaring math symbol \vDash on input line 60.
LaTeX Font Info:    Redeclaring math symbol \leftleftarrows on input line 63.
LaTeX Font Info:    Redeclaring math symbol \rightrightarrows on input line 64.
LaTeX Font Info:    Redeclaring math symbol \leqslant on input line 101.
LaTeX Font Info:    Redeclaring math symbol \geqslant on input line 108.
LaTeX Font Info:    Redeclaring math symbol \blacktriangleright on input line 120.
LaTeX Font Info:    Redeclaring math symbol \blacktriangleleft on input line 121.
LaTeX Font Info:    Redeclaring math symbol \complement on input line 165.
LaTeX Font Info:    Redeclaring math symbol \intercal on input line 166.
LaTeX Font Info:    Redeclaring math symbol \nleqslant on input line 181.
LaTeX Font Info:    Redeclaring math symbol \ngeqslant on input line 182.
LaTeX Font Info:    Redeclaring math symbol \varsubsetneq on input line 203.
LaTeX Font Info:    Redeclaring math symbol \subsetneqq on input line 207.
LaTeX Font Info:    Redeclaring math symbol \nparallel on input line 215.
LaTeX Font Info:    Redeclaring math symbol \nvDash on input line 221.
LaTeX Font Info:    Redeclaring math symbol \nexists on input line 235.
LaTeX Font Info:    Redeclaring math symbol \smallsetminus on input line 251.
LaTeX Font Info:    Redeclaring math symbol \curvearrowleft on input line 257.
LaTeX Font Info:    Redeclaring math symbol \curvearrowright on input line 258.
LaTeX Font Info:    Redeclaring math symbol \varkappa on input line 260.
LaTeX Font Info:    Redeclaring math symbol \hslash on input line 262.
) (/usr/local/texlive/2017/texmf-dist/tex/latex/sectsty/sectsty.sty
Package: sectsty 2002/02/25 v2.0.2 Commands to change all sectional heading styles
)

Class scrartcl Warning: Usage of package `fancyhdr' together
(scrartcl)              with a KOMA-Script class is not recommended.
(scrartcl)              I'd suggest to use 
(scrartcl)              package `scrlayer-scrpage'.
(scrartcl)              Nevertheless, using requested
(scrartcl)              package `fancyhdr' on input line 69.

(/usr/local/texlive/2017/texmf-dist/tex/latex/fancyhdr/fancyhdr.sty
Package: fancyhdr 2016/09/06 3.8 Extensive control of page headers and footers
\fancy@headwidth=\skip74
\f@ncyO@elh=\skip75
\f@ncyO@erh=\skip76
\f@ncyO@olh=\skip77
\f@ncyO@orh=\skip78
\f@ncyO@elf=\skip79
\f@ncyO@erf=\skip80
\f@ncyO@olf=\skip81
\f@ncyO@orf=\skip82
) (./VI.aux)
\openout1 = `VI.aux'.

LaTeX Font Info:    Checking defaults for OML/cmm/m/it on input line 112.
LaTeX Font Info:    ... okay on input line 112.
LaTeX Font Info:    Checking defaults for T1/cmr/m/n on input line 112.
LaTeX Font Info:    ... okay on input line 112.
LaTeX Font Info:    Checking defaults for OT1/cmr/m/n on input line 112.
LaTeX Font Info:    ... okay on input line 112.
LaTeX Font Info:    Checking defaults for OMS/cmsy/m/n on input line 112.
LaTeX Font Info:    ... okay on input line 112.
LaTeX Font Info:    Checking defaults for OMX/cmex/m/n on input line 112.
LaTeX Font Info:    ... okay on input line 112.
LaTeX Font Info:    Checking defaults for U/cmr/m/n on input line 112.
LaTeX Font Info:    ... okay on input line 112.
LaTeX Font Info:    Checking defaults for FML/futm/m/it on input line 112.
LaTeX Font Info:    Try loading font information for FML+futm on input line 112.
 (/usr/local/texlive/2017/texmf-dist/tex/latex/fourier/fmlfutm.fd
File: fmlfutm.fd 2004/10/30 Fontinst v1.926 font definitions for FML/futm.
)
LaTeX Font Info:    ... okay on input line 112.
LaTeX Font Info:    Checking defaults for FMS/futm/m/n on input line 112.
LaTeX Font Info:    Try loading font information for FMS+futm on input line 112.
 (/usr/local/texlive/2017/texmf-dist/tex/latex/fourier/fmsfutm.fd
File: fmsfutm.fd 2004/10/30 Fontinst v1.926 font definitions for FMS/futm.
)
LaTeX Font Info:    ... okay on input line 112.
LaTeX Font Info:    Checking defaults for FMX/futm/m/n on input line 112.
LaTeX Font Info:    Try loading font information for FMX+futm on input line 112.
 (/usr/local/texlive/2017/texmf-dist/tex/latex/fourier/fmxfutm.fd
File: fmxfutm.fd futm-extension
)
LaTeX Font Info:    ... okay on input line 112.
LaTeX Font Info:    Checking defaults for TS1/cmr/m/n on input line 112.
LaTeX Font Info:    Try loading font information for TS1+cmr on input line 112.
 (/usr/local/texlive/2017/texmf-dist/tex/latex/base/ts1cmr.fd
File: ts1cmr.fd 2014/09/29 v2.5h Standard LaTeX font definitions
)
LaTeX Font Info:    ... okay on input line 112.
LaTeX Font Info:    Try loading font information for T1+futs on input line 112.
 (/usr/local/texlive/2017/texmf-dist/tex/latex/fourier/t1futs.fd
File: t1futs.fd 2004/03/02 Fontinst v1.926 font definitions for T1/futs.
)
LaTeX Info: Redefining \microtypecontext on input line 112.
Package microtype Info: Generating PDF output.
Package microtype Info: Character protrusion enabled (level 2).
Package microtype Info: Using default protrusion set `alltext'.
Package microtype Info: Automatic font expansion enabled (level 2),
(microtype)             stretch: 20, shrink: 20, step: 1, non-selected.
Package microtype Info: Using default expansion set `basictext'.
Package microtype Info: No adjustment of tracking.
Package microtype Info: No adjustment of interword spacing.
Package microtype Info: No adjustment of character kerning.
Package microtype Info: Loading generic settings for font family
(microtype)             `futs' (encoding: T1).
(microtype)             For optimal results, create family-specific settings.
(microtype)             See the microtype manual for details.
 (/usr/local/texlive/2017/texmf-dist/tex/context/base/mkii/supp-pdf.mkii
[Loading MPS to PDF converter (version 2006.09.02).]
\scratchcounter=\count167
\scratchdimen=\dimen175
\scratchbox=\box53
\nofMPsegments=\count168
\nofMParguments=\count169
\everyMPshowfont=\toks29
\MPscratchCnt=\count170
\MPscratchDim=\dimen176
\MPnumerator=\count171
\makeMPintoPDFobject=\count172
\everyMPtoPDFconversion=\toks30
) (/usr/local/texlive/2017/texmf-dist/tex/generic/oberdiek/pdftexcmds.sty
Package: pdftexcmds 2017/03/19 v0.25 Utility functions of pdfTeX for LuaTeX (HO)
 (/usr/local/texlive/2017/texmf-dist/tex/generic/oberdiek/ifluatex.sty
Package: ifluatex 2016/05/16 v1.4 Provides the ifluatex switch (HO)
Package ifluatex Info: LuaTeX not detected.
) (/usr/local/texlive/2017/texmf-dist/tex/generic/oberdiek/ifpdf.sty
Package: ifpdf 2017/03/15 v3.2 Provides the ifpdf switch
)
Package pdftexcmds Info: LuaTeX not detected.
Package pdftexcmds Info: \pdf@primitive is available.
Package pdftexcmds Info: \pdf@ifprimitive is available.
Package pdftexcmds Info: \pdfdraftmode found.
) (/usr/local/texlive/2017/texmf-dist/tex/latex/oberdiek/epstopdf-base.sty
Package: epstopdf-base 2016/05/15 v2.6 Base part for package epstopdf
 (/usr/local/texlive/2017/texmf-dist/tex/latex/oberdiek/grfext.sty
Package: grfext 2016/05/16 v1.2 Manage graphics extensions (HO)
 (/usr/local/texlive/2017/texmf-dist/tex/generic/oberdiek/kvdefinekeys.sty
Package: kvdefinekeys 2016/05/16 v1.4 Define keys (HO)
)) (/usr/local/texlive/2017/texmf-dist/tex/latex/oberdiek/kvoptions.sty
Package: kvoptions 2016/05/16 v3.12 Key value format for package options (HO)
 (/usr/local/texlive/2017/texmf-dist/tex/generic/oberdiek/kvsetkeys.sty
Package: kvsetkeys 2016/05/16 v1.17 Key value parser (HO)
 (/usr/local/texlive/2017/texmf-dist/tex/generic/oberdiek/etexcmds.sty
Package: etexcmds 2016/05/16 v1.6 Avoid name clashes with e-TeX commands (HO)
Package etexcmds Info: Could not find \expanded.
(etexcmds)             That can mean that you are not using pdfTeX 1.50 or
(etexcmds)             that some package has redefined \expanded.
(etexcmds)             In the latter case, load this package earlier.
)))
Package epstopdf-base Info: Redefining graphics rule for `.eps' on input line 438.
Package grfext Info: Graphics extension search list:
(grfext)             [.png,.pdf,.jpg,.mps,.jpeg,.jbig2,.jb2,.PNG,.PDF,.JPG,.JPEG,.JBIG2,.JB2,.eps]
(grfext)             \AppendGraphicsExtensions on input line 456.
 (/usr/local/texlive/2017/texmf-dist/tex/latex/latexconfig/epstopdf-sys.cfg
File: epstopdf-sys.cfg 2010/07/13 v1.3 Configuration of (r)epstopdf for TeX Live
)) (/usr/local/texlive/2017/texmf-dist/tex/latex/beamer/translator/dicts/translator-basic-dictionary/translator-basic-dictionary-English.dict
Dictionary: translator-basic-dictionary, Language: English 
) (/usr/local/texlive/2017/texmf-dist/tex/latex/siunitx/siunitx-abbreviations.cfg
File: siunitx-abbreviations.cfg 2017/05/19 v2.7g siunitx: Abbreviated units
)
\c__siunitx_mathsf_int=\count173
LaTeX Font Info:    Try loading font information for FML+futmi on input line 112.

(/usr/local/texlive/2017/texmf-dist/tex/latex/fourier/fmlfutmi.fd
File: fmlfutmi.fd 2004/10/30 Fontinst v1.926 font definitions for FML/futmi.
)
LaTeX Font Info:    Font shape `FMX/futm/m/n' will be
(Font)              scaled to size 11.03998pt on input line 112.
LaTeX Font Info:    Font shape `FMX/futm/m/n' will be
(Font)              scaled to size 8.27998pt on input line 112.
LaTeX Font Info:    Font shape `FMX/futm/m/n' will be
(Font)              scaled to size 6.43999pt on input line 112.
LaTeX Font Info:    Font shape `U/futm/m/n' will be
(Font)              scaled to size 11.03998pt on input line 112.
LaTeX Font Info:    Font shape `U/futm/m/n' will be
(Font)              scaled to size 8.27998pt on input line 112.
LaTeX Font Info:    Font shape `U/futm/m/n' will be
(Font)              scaled to size 6.43999pt on input line 112.
LaTeX Font Info:    Try loading font information for U+msa on input line 112.
 (/usr/local/texlive/2017/texmf-dist/tex/latex/amsfonts/umsa.fd
File: umsa.fd 2013/01/14 v3.01 AMS symbols A
) (/usr/local/texlive/2017/texmf-dist/tex/latex/microtype/mt-msa.cfg
File: mt-msa.cfg 2006/02/04 v1.1 microtype config. file: AMS symbols (a) (RS)
)
LaTeX Font Info:    Try loading font information for U+msb on input line 112.
 (/usr/local/texlive/2017/texmf-dist/tex/latex/amsfonts/umsb.fd
File: umsb.fd 2013/01/14 v3.01 AMS symbols B
) (/usr/local/texlive/2017/texmf-dist/tex/latex/microtype/mt-msb.cfg
File: mt-msb.cfg 2005/06/01 v1.0 microtype config. file: AMS symbols (b) (RS)
)
Package microtype Info: Loading generic settings for font family
(microtype)             `cmss' (encoding: OT1).
(microtype)             For optimal results, create family-specific settings.
(microtype)             See the microtype manual for details.
\c__siunitx_mathtt_int=\count174
Package microtype Info: Loading generic settings for font family
(microtype)             `cmtt' (encoding: OT1).
(microtype)             For optimal results, create family-specific settings.
(microtype)             See the microtype manual for details.
LaTeX Font Info:    Try loading font information for T1+cmss on input line 114.
 (/usr/local/texlive/2017/texmf-dist/tex/latex/base/t1cmss.fd
File: t1cmss.fd 2014/09/29 v2.5h Standard LaTeX font definitions
)
Package microtype Info: Loading generic settings for font family
(microtype)             `cmss' (encoding: T1).
(microtype)             For optimal results, create family-specific settings.
(microtype)             See the microtype manual for details.
LaTeX Font Info:    Try loading font information for OT1+bch on input line 114.
 (/usr/local/texlive/2017/texmf-dist/tex/latex/psnfss/ot1bch.fd
File: ot1bch.fd 2004/10/18 font definitions for OT1/bch.
) (/usr/local/texlive/2017/texmf-dist/tex/latex/microtype/mt-bch.cfg
File: mt-bch.cfg 2007/03/03 v1.5 microtype config. file: Bitstream Charter (RS)
)
LaTeX Font Info:    Font shape `FMX/futm/m/n' will be
(Font)              scaled to size 15.89755pt on input line 114.
LaTeX Font Info:    Font shape `U/futm/m/n' will be
(Font)              scaled to size 15.89755pt on input line 114.

Underfull \hbox (badness 10000) in paragraph at lines 115--117

 []

LaTeX Font Info:    Font shape `T1/futs/bx/n' in size <12> not available
(Font)              Font shape `T1/futs/b/n' tried instead on input line 122.
LaTeX Font Info:    Font shape `T1/futs/bx/n' in size <9> not available
(Font)              Font shape `T1/futs/b/n' tried instead on input line 122.
LaTeX Font Info:    Font shape `T1/futs/bx/n' in size <7> not available
(Font)              Font shape `T1/futs/b/n' tried instead on input line 122.
[1


{/usr/local/texlive/2017/texmf-var/fonts/map/pdftex/updmap/pdftex.map}] [2] [3] [4] [5] (./VI.bbl

Class scrartcl Warning: incompatible usage of \@ssect detected.
(scrartcl)              You've used the KOMA-Script implementation of \@ssect
(scrartcl)              from within a non compatible caller, that does not
(scrartcl)              \scr@s@ct@@nn@m@ locally.
(scrartcl)              This could result in several error messages on input line 1.

) [6] (./VI.aux) ) 
Here is how much of TeX's memory you used:
 17731 strings out of 492995
 345464 string characters out of 6132704
 477708 words of memory out of 5000000
 20902 multiletter control sequences out of 15000+600000
 91647 words of font info for 199 fonts, out of 8000000 for 9000
 1141 hyphenation exceptions out of 8191
 48i,17n,51p,10374b,378s stack positions out of 5000i,500n,10000p,200000b,80000s
{/usr/local/texlive/2017/texmf-dist/fonts/enc/dvips/base/8r.enc}</usr/local/texlive/2017/texmf-dist/fonts/type1/public/fourier/fourier-bb.pfb></usr/local/texlive/2017/texmf-dist/fonts/type1/public/fourier/fourier-mex.pfb></usr/local/texlive/2017/texmf-dist/fonts/type1/public/fourier/fourier-ml.pfb></usr/local/texlive/2017/texmf-dist/fonts/type1/public/fourier/fourier-mlit.pfb></usr/local/texlive/2017/texmf-dist/fonts/type1/public/fourier/fourier-ms.pfb></usr/local/texlive/2017/texmf-dist/fonts/type1/adobe/utopia/putb8a.pfb></usr/local/texlive/2017/texmf-dist/fonts/type1/adobe/utopia/putr8a.pfb></usr/local/texlive/2017/texmf-dist/fonts/type1/adobe/utopia/putri8a.pfb>
Output written on VI.pdf (6 pages, 69647 bytes).
PDF statistics:
 56 PDF objects out of 1000 (max. 8388607)
 39 compressed objects within 1 object stream
 0 named destinations out of 1000 (max. 500000)
 32769 words of extra memory for PDF output out of 35830 (max. 10000000)

